2020-12-28T02:38:25+00:00 CRITICAL Uncaught Error: Call to undefined function dbDelta() in C:\xampp\htdocs\galeria_arte\wp-content\plugins\gc-appraise-artwork\gc-appraise-artwork.php:45
Stack trace:
#0 C:\xampp\htdocs\galeria_arte\wp-includes\class-wp-hook.php(287): gc_appraise_artwork_init(false)
#1 C:\xampp\htdocs\galeria_arte\wp-includes\class-wp-hook.php(311): WP_Hook->apply_filters('', Array)
#2 C:\xampp\htdocs\galeria_arte\wp-includes\plugin.php(478): WP_Hook->do_action(Array)
#3 C:\xampp\htdocs\galeria_arte\wp-admin\includes\plugin.php(699): do_action('activate_gc-app...', false)
#4 C:\xampp\htdocs\galeria_arte\wp-admin\plugins.php(58): activate_plugin('gc-appraise-art...', 'http://localhos...', false)
#5 {main}
  thrown in C:\xampp\htdocs\galeria_arte\wp-content\plugins\gc-appraise-artwork\gc-appraise-artwork.php on line 45

2020-12-28T02:38:30+00:00 CRITICAL Uncaught Error: Call to undefined function dbDelta() in C:\xampp\htdocs\galeria_arte\wp-content\plugins\gc-appraise-artwork\gc-appraise-artwork.php:45
Stack trace:
#0 C:\xampp\htdocs\galeria_arte\wp-includes\class-wp-hook.php(287): gc_appraise_artwork_init('')
#1 C:\xampp\htdocs\galeria_arte\wp-includes\class-wp-hook.php(311): WP_Hook->apply_filters('', Array)
#2 C:\xampp\htdocs\galeria_arte\wp-includes\plugin.php(478): WP_Hook->do_action(Array)
#3 C:\xampp\htdocs\galeria_arte\wp-admin\plugins.php(193): do_action('activate_gc-app...')
#4 {main}
  thrown in C:\xampp\htdocs\galeria_arte\wp-content\plugins\gc-appraise-artwork\gc-appraise-artwork.php on line 45

2020-12-28T02:38:30+00:00 CRITICAL Uncaught Error: Call to undefined function dbDelta() in C:\xampp\htdocs\galeria_arte\wp-content\plugins\gc-appraise-artwork\gc-appraise-artwork.php:45
Stack trace:
#0 C:\xampp\htdocs\galeria_arte\wp-includes\class-wp-hook.php(287): gc_appraise_artwork_init('')
#1 C:\xampp\htdocs\galeria_arte\wp-includes\class-wp-hook.php(311): WP_Hook->apply_filters('', Array)
#2 C:\xampp\htdocs\galeria_arte\wp-includes\plugin.php(478): WP_Hook->do_action(Array)
#3 C:\xampp\htdocs\galeria_arte\wp-admin\plugins.php(193): do_action('activate_gc-app...')
#4 {main}
  thrown in C:\xampp\htdocs\galeria_arte\wp-content\plugins\gc-appraise-artwork\gc-appraise-artwork.php on line 45

2020-12-28T02:38:37+00:00 CRITICAL Uncaught Error: Call to undefined function dbDelta() in C:\xampp\htdocs\galeria_arte\wp-content\plugins\gc-appraise-artwork\gc-appraise-artwork.php:45
Stack trace:
#0 C:\xampp\htdocs\galeria_arte\wp-includes\class-wp-hook.php(287): gc_appraise_artwork_init(false)
#1 C:\xampp\htdocs\galeria_arte\wp-includes\class-wp-hook.php(311): WP_Hook->apply_filters('', Array)
#2 C:\xampp\htdocs\galeria_arte\wp-includes\plugin.php(478): WP_Hook->do_action(Array)
#3 C:\xampp\htdocs\galeria_arte\wp-admin\includes\plugin.php(699): do_action('activate_gc-app...', false)
#4 C:\xampp\htdocs\galeria_arte\wp-admin\plugins.php(58): activate_plugin('gc-appraise-art...', 'http://localhos...', false)
#5 {main}
  thrown in C:\xampp\htdocs\galeria_arte\wp-content\plugins\gc-appraise-artwork\gc-appraise-artwork.php on line 45

2020-12-28T02:38:41+00:00 CRITICAL Uncaught Error: Call to undefined function dbDelta() in C:\xampp\htdocs\galeria_arte\wp-content\plugins\gc-appraise-artwork\gc-appraise-artwork.php:45
Stack trace:
#0 C:\xampp\htdocs\galeria_arte\wp-includes\class-wp-hook.php(287): gc_appraise_artwork_init('')
#1 C:\xampp\htdocs\galeria_arte\wp-includes\class-wp-hook.php(311): WP_Hook->apply_filters('', Array)
#2 C:\xampp\htdocs\galeria_arte\wp-includes\plugin.php(478): WP_Hook->do_action(Array)
#3 C:\xampp\htdocs\galeria_arte\wp-admin\plugins.php(193): do_action('activate_gc-app...')
#4 {main}
  thrown in C:\xampp\htdocs\galeria_arte\wp-content\plugins\gc-appraise-artwork\gc-appraise-artwork.php on line 45

2020-12-28T02:38:42+00:00 CRITICAL Uncaught Error: Call to undefined function dbDelta() in C:\xampp\htdocs\galeria_arte\wp-content\plugins\gc-appraise-artwork\gc-appraise-artwork.php:45
Stack trace:
#0 C:\xampp\htdocs\galeria_arte\wp-includes\class-wp-hook.php(287): gc_appraise_artwork_init('')
#1 C:\xampp\htdocs\galeria_arte\wp-includes\class-wp-hook.php(311): WP_Hook->apply_filters('', Array)
#2 C:\xampp\htdocs\galeria_arte\wp-includes\plugin.php(478): WP_Hook->do_action(Array)
#3 C:\xampp\htdocs\galeria_arte\wp-admin\plugins.php(193): do_action('activate_gc-app...')
#4 {main}
  thrown in C:\xampp\htdocs\galeria_arte\wp-content\plugins\gc-appraise-artwork\gc-appraise-artwork.php on line 45

2020-12-28T03:10:32+00:00 CRITICAL Uncaught Error: Class 'Message' not found in C:\xampp\htdocs\galeria_arte\wp-content\plugins\ag-appraise-artwork\ag-appraise-artwork.php:84
Stack trace:
#0 C:\xampp\htdocs\galeria_arte\wp-includes\shortcodes.php(343): Ag_appraise_artwork_form('', '', 'ag_appraise_art...')
#1 [internal function]: do_shortcode_tag(Array)
#2 C:\xampp\htdocs\galeria_arte\wp-includes\shortcodes.php(218): preg_replace_callback('/\\[(\\[?)(ag_app...', 'do_shortcode_ta...', '[ag_appraise_ar...')
#3 C:\xampp\htdocs\galeria_arte\wp-includes\class-wp-hook.php(287): do_shortcode('[ag_appraise_ar...')
#4 C:\xampp\htdocs\galeria_arte\wp-includes\plugin.php(206): WP_Hook->apply_filters('[ag_appraise_ar...', Array)
#5 C:\xampp\htdocs\galeria_arte\wp-includes\post-template.php(253): apply_filters('the_content', '<!-- wp:shortco...')
#6 C:\xampp\htdocs\galeria_arte\wp-content\themes\twentytwenty\template-parts\content.php(36): the_content('Continue readin...')
#7 C:\xampp\htdocs\galeria_arte\wp-includes\template.php(732): require('C:\\xampp\\h in C:\xampp\htdocs\galeria_arte\wp-content\plugins\ag-appraise-artwork\ag-appraise-artwork.php on line 84

2020-12-28T03:17:39+00:00 CRITICAL Cannot redeclare delete_plugin_database_table() (previously declared in C:\xampp\htdocs\galeria_arte\wp-content\plugins\ag-appraise-artwork\ag-appraise-artwork.php:61) in C:\xampp\htdocs\galeria_arte\wp-content\plugins\gc-appraise-artwork-old\gc-appraise-artwork.php on line 84

2020-12-28T03:17:45+00:00 CRITICAL Cannot redeclare delete_plugin_database_table() (previously declared in C:\xampp\htdocs\galeria_arte\wp-content\plugins\ag-appraise-artwork\ag-appraise-artwork.php:61) in C:\xampp\htdocs\galeria_arte\wp-content\plugins\gc-appraise-artwork-old\gc-appraise-artwork.php on line 84

2020-12-28T03:17:45+00:00 CRITICAL Cannot redeclare delete_plugin_database_table() (previously declared in C:\xampp\htdocs\galeria_arte\wp-content\plugins\ag-appraise-artwork\ag-appraise-artwork.php:61) in C:\xampp\htdocs\galeria_arte\wp-content\plugins\gc-appraise-artwork-old\gc-appraise-artwork.php on line 84

2020-12-28T03:46:44+00:00 CRITICAL Cannot redeclare Ga_tasar_obra_arte() (previously declared in C:\xampp\htdocs\galeria_arte\wp-content\plugins\tasar-obras-arte\tasar-obras-arte.php:14) in C:\xampp\htdocs\galeria_arte\wp-content\plugins\tasar-obras-arte\tasar-obras-arte.php on line 230

2020-12-28T03:46:48+00:00 CRITICAL Cannot redeclare Ga_tasar_obra_arte() (previously declared in C:\xampp\htdocs\galeria_arte\wp-content\plugins\tasar-obras-arte\tasar-obras-arte.php:14) in C:\xampp\htdocs\galeria_arte\wp-content\plugins\tasar-obras-arte\tasar-obras-arte.php on line 230

2020-12-28T03:46:49+00:00 CRITICAL Cannot redeclare Ga_tasar_obra_arte() (previously declared in C:\xampp\htdocs\galeria_arte\wp-content\plugins\tasar-obras-arte\tasar-obras-arte.php:14) in C:\xampp\htdocs\galeria_arte\wp-content\plugins\tasar-obras-arte\tasar-obras-arte.php on line 230

2020-12-28T15:43:47+00:00 CRITICAL Cannot redeclare delete_plugin_database_table() (previously declared in C:\xampp\htdocs\galeria_arte\wp-content\plugins\gc-appraise-artwork\gc-appraise-artwork.php:82) in C:\xampp\htdocs\galeria_arte\wp-content\plugins\gc-type-nomen\gc-type-nomen.php on line 54

2020-12-28T15:43:51+00:00 CRITICAL Cannot redeclare delete_plugin_database_table() (previously declared in C:\xampp\htdocs\galeria_arte\wp-content\plugins\gc-appraise-artwork\gc-appraise-artwork.php:82) in C:\xampp\htdocs\galeria_arte\wp-content\plugins\gc-type-nomen\gc-type-nomen.php on line 54

2020-12-28T15:43:51+00:00 CRITICAL Cannot redeclare delete_plugin_database_table() (previously declared in C:\xampp\htdocs\galeria_arte\wp-content\plugins\gc-appraise-artwork\gc-appraise-artwork.php:82) in C:\xampp\htdocs\galeria_arte\wp-content\plugins\gc-type-nomen\gc-type-nomen.php on line 54

2020-12-28T15:48:57+00:00 CRITICAL Uncaught Error: Call to a member function search_box() on null in C:\xampp\htdocs\galeria_arte\wp-content\plugins\gc-type-nomen\includes\gc-nomen-type-functions.php:41
Stack trace:
#0 C:\xampp\htdocs\galeria_arte\wp-includes\class-wp-hook.php(287): create_nomen_types_list('')
#1 C:\xampp\htdocs\galeria_arte\wp-includes\class-wp-hook.php(311): WP_Hook->apply_filters('', Array)
#2 C:\xampp\htdocs\galeria_arte\wp-includes\plugin.php(478): WP_Hook->do_action(Array)
#3 C:\xampp\htdocs\galeria_arte\wp-admin\admin.php(259): do_action('toplevel_page_G...')
#4 {main}
  thrown in C:\xampp\htdocs\galeria_arte\wp-content\plugins\gc-type-nomen\includes\gc-nomen-type-functions.php on line 41

